<TwilioResponse>
    <SMSMessage>
        <Sid>SM7408b094c1433819dd79a8c2c2c0b35e</Sid>
        <DateCreated>Wed, 10 Oct 2012 17:59:08 +0000</DateCreated>
        <DateUpdated>Wed, 10 Oct 2012 17:59:08 +0000</DateUpdated>
        <DateSent/>
        <AccountSid>AC30947599578c75fd9a746a0b89c9090e</AccountSid>
        <To>+14108675309</To>
        <From>+15005550006</From>
        <Body>All in the game, yo</Body>
        <Status>queued</Status>
        <Direction>outbound-api</Direction>
        <ApiVersion>2010-04-01</ApiVersion>
        <Price/>
        <Uri>/2010-04-01/Accounts/AC30947599578c75fd9a746a0b89c9090e/SMS/Messages/SM7408b094c1433819dd79a8c2c2c0b35e</Uri>
    </SMSMessage>
</TwilioResponse>